<?xml version="1.0" encoding="UTF-8"?>
<!-- Generated by org.testng.reporters.JUnitReportReporter -->
<testsuite hostname="abc-PC" name="GalenBasicTest.GalenTestNgTest" tests="2" failures="1" timestamp="3 Feb 2016 19:26:24 GMT" time="17.530" errors="0">
  <testcase name="testGalenTestWebSite" time="7.135" classname="GalenBasicTest.GalenTestNgTest"/>
  <testcase name="testHighChartSample" time="10.395" classname="GalenBasicTest.GalenTestNgTest">
    <failure type="com.galenframework.support.LayoutValidationException" message="Specs//HighchartSample.spec, tags: [desktop]
  - &quot;TopIntroductionDiv&quot; is 0px left which is not in range of 25 to 38px (Specs//HighchartSample.spec:29)
  - Element does not look like &quot;Specs\images/HighChartImage.png&quot;. There are 14.69% mismatching pixels but max allowed is 1% (Specs//HighchartSample.spec:32)
">
      <![CDATA[com.galenframework.support.LayoutValidationException: Specs//HighchartSample.spec, tags: [desktop]
  - "TopIntroductionDiv" is 0px left which is not in range of 25 to 38px (Specs//HighchartSample.spec:29)
  - Element does not look like "Specs\images/HighChartImage.png". There are 14.69% mismatching pixels but max allowed is 1% (Specs//HighchartSample.spec:32)

	at com.galenframework.support.GalenJavaTestBase.checkLayout(GalenJavaTestBase.java:123)
	at com.galenframework.support.GalenJavaTestBase.checkLayout(GalenJavaTestBase.java:105)
	at GalenBasicTest.GalenTestNgTest.testHighChartSample(GalenTestNgTest.java:46)
	at sun.reflect.NativeMethodAccessorImpl.invoke0(Native Method)
	at sun.reflect.NativeMethodAccessorImpl.invoke(NativeMethodAccessorImpl.java:62)
	at sun.reflect.DelegatingMethodAccessorImpl.invoke(DelegatingMethodAccessorImpl.java:43)
	at java.lang.reflect.Method.invoke(Method.java:483)
	at org.testng.internal.MethodInvocationHelper.invokeMethod(MethodInvocationHelper.java:84)
	at org.testng.internal.Invoker.invokeMethod(Invoker.java:714)
	at org.testng.internal.Invoker.invokeTestMethod(Invoker.java:901)
	at org.testng.internal.Invoker.invokeTestMethods(Invoker.java:1231)
	at org.testng.internal.TestMethodWorker.invokeTestMethods(TestMethodWorker.java:127)
	at org.testng.internal.TestMethodWorker.run(TestMethodWorker.java:111)
	at org.testng.TestRunner.privateRun(TestRunner.java:767)
	at org.testng.TestRunner.run(TestRunner.java:617)
	at org.testng.SuiteRunner.runTest(SuiteRunner.java:334)
	at org.testng.SuiteRunner.runSequentially(SuiteRunner.java:329)
	at org.testng.SuiteRunner.privateRun(SuiteRunner.java:291)
	at org.testng.SuiteRunner.run(SuiteRunner.java:240)
	at org.testng.SuiteRunnerWorker.runSuite(SuiteRunnerWorker.java:52)
	at org.testng.SuiteRunnerWorker.run(SuiteRunnerWorker.java:86)
	at org.testng.TestNG.runSuitesSequentially(TestNG.java:1224)
	at org.testng.TestNG.runSuitesLocally(TestNG.java:1149)
	at org.testng.TestNG.run(TestNG.java:1057)
	at org.testng.remote.RemoteTestNG.run(RemoteTestNG.java:111)
	at org.testng.remote.RemoteTestNG.initAndRun(RemoteTestNG.java:204)
	at org.testng.remote.RemoteTestNG.main(RemoteTestNG.java:175)
]]>
    </failure>
  </testcase> <!-- testHighChartSample -->
</testsuite> <!-- GalenBasicTest.GalenTestNgTest -->
