<?xml version="1.0" encoding="UTF-8"?>
<!-- Generated by org.testng.reporters.JUnitReportReporter -->
<testsuite hostname="abc-PC" name="GalenBasicTest.MobileLayoutTests" tests="1" failures="1" timestamp="3 Feb 2016 19:03:20 GMT" time="13.553" errors="0">
  <testcase name="TestGalenSite" time="13.553" classname="GalenBasicTest.MobileLayoutTests">
    <failure type="com.galenframework.support.LayoutValidationException" message="Specs//ImageCompSpec.spec, tags: [desktop]
  - Couldn&#039;t load image: Specs\Specs/images/dummy.jpg (Specs//ImageCompSpec.spec:11)
">
      <![CDATA[com.galenframework.support.LayoutValidationException: Specs//ImageCompSpec.spec, tags: [desktop]
  - Couldn't load image: Specs\Specs/images/dummy.jpg (Specs//ImageCompSpec.spec:11)

	at com.galenframework.support.GalenJavaTestBase.checkLayout(GalenJavaTestBase.java:123)
	at com.galenframework.support.GalenJavaTestBase.checkLayout(GalenJavaTestBase.java:105)
	at GalenBasicTest.MobileLayoutTests.TestGalenSite(MobileLayoutTests.java:55)
	at sun.reflect.NativeMethodAccessorImpl.invoke0(Native Method)
	at sun.reflect.NativeMethodAccessorImpl.invoke(NativeMethodAccessorImpl.java:62)
	at sun.reflect.DelegatingMethodAccessorImpl.invoke(DelegatingMethodAccessorImpl.java:43)
	at java.lang.reflect.Method.invoke(Method.java:483)
	at org.testng.internal.MethodInvocationHelper.invokeMethod(MethodInvocationHelper.java:84)
	at org.testng.internal.Invoker.invokeMethod(Invoker.java:714)
	at org.testng.internal.Invoker.invokeTestMethod(Invoker.java:901)
	at org.testng.internal.Invoker.invokeTestMethods(Invoker.java:1231)
	at org.testng.internal.TestMethodWorker.invokeTestMethods(TestMethodWorker.java:127)
	at org.testng.internal.TestMethodWorker.run(TestMethodWorker.java:111)
	at org.testng.TestRunner.privateRun(TestRunner.java:767)
	at org.testng.TestRunner.run(TestRunner.java:617)
	at org.testng.SuiteRunner.runTest(SuiteRunner.java:334)
	at org.testng.SuiteRunner.runSequentially(SuiteRunner.java:329)
	at org.testng.SuiteRunner.privateRun(SuiteRunner.java:291)
	at org.testng.SuiteRunner.run(SuiteRunner.java:240)
	at org.testng.SuiteRunnerWorker.runSuite(SuiteRunnerWorker.java:52)
	at org.testng.SuiteRunnerWorker.run(SuiteRunnerWorker.java:86)
	at org.testng.TestNG.runSuitesSequentially(TestNG.java:1224)
	at org.testng.TestNG.runSuitesLocally(TestNG.java:1149)
	at org.testng.TestNG.run(TestNG.java:1057)
	at org.testng.remote.RemoteTestNG.run(RemoteTestNG.java:111)
	at org.testng.remote.RemoteTestNG.initAndRun(RemoteTestNG.java:204)
	at org.testng.remote.RemoteTestNG.main(RemoteTestNG.java:175)
]]>
    </failure>
  </testcase> <!-- TestGalenSite -->
</testsuite> <!-- GalenBasicTest.MobileLayoutTests -->
