<?xml version="1.0" encoding="UTF-8"?>
<!-- Generated by org.testng.reporters.JUnitReportReporter -->
<testsuite hostname="abc-PC" name="GalenBasicTest.ImageVerification" tests="1" failures="0" timestamp="3 Feb 2016 19:14:59 GMT" time="9.859" errors="0">
  <testcase name="TestGalenSite" time="9.859" classname="GalenBasicTest.ImageVerification"/>
</testsuite> <!-- GalenBasicTest.ImageVerification -->
